<?xml version="1.0" encoding="UTF-8"?>
<!-- Generated by org.testng.reporters.JUnitReportReporter -->
<testsuite hostname="QSP" failures="0" tests="1" name="scripts.DeleteOperation" time="4.073" errors="0" timestamp="2022-08-06T08:06:16 IST" skipped="0">
  <testcase classname="scripts.DeleteOperation" name="tc3" time="4.073"/>
  <system-out/>
</testsuite> <!-- scripts.DeleteOperation -->
