<?xml version="1.0" encoding="UTF-8"?>
<!-- Generated by org.testng.reporters.JUnitReportReporter -->
<testsuite hostname="QSP" failures="0" tests="1" name="verification.Test1" time="5.375" errors="0" timestamp="2022-08-07T08:59:04 IST" skipped="0">
  <testcase classname="verification.Test1" name="tc2" time="5.375"/>
  <system-out/>
</testsuite> <!-- verification.Test1 -->
