<?xml version="1.0" encoding="UTF-8"?>
<!-- Generated by org.testng.reporters.JUnitReportReporter -->
<testsuite hostname="QSP" failures="0" tests="1" name="seralizationandseseralization.Seralization" time="0.366" errors="0" timestamp="2022-08-07T09:50:10 IST" skipped="0">
  <testcase classname="seralizationandseseralization.Seralization" name="demo" time="0.366"/>
  <system-out/>
</testsuite> <!-- seralizationandseseralization.Seralization -->
