<?xml version="1.0" encoding="UTF-8"?>
<!-- Generated by org.testng.reporters.JUnitReportReporter -->
<testsuite hostname="QSP" failures="0" tests="1" name="dataDriven.Test0" time="5.024" errors="0" timestamp="2022-08-06T10:22:58 IST" skipped="0">
  <testcase classname="dataDriven.Test0" name="tc1" time="5.024"/>
  <system-out/>
</testsuite> <!-- dataDriven.Test0 -->
