<?xml version="1.0" encoding="UTF-8"?>
<!-- Generated by org.testng.reporters.JUnitReportReporter -->
<testsuite hostname="QSP" failures="0" tests="1" name="CURDGithub.DeleteOpertaion" time="5.006" errors="0" timestamp="2022-08-06T08:58:09 IST" skipped="0">
  <testcase classname="CURDGithub.DeleteOpertaion" name="tc4" time="5.006"/>
  <system-out/>
</testsuite> <!-- CURDGithub.DeleteOpertaion -->
