<?xml version="1.0" encoding="UTF-8"?>
<!-- Generated by org.testng.reporters.JUnitReportReporter -->
<testsuite hostname="QSP" failures="0" tests="1" name="verification.Test0" time="4.117" errors="0" timestamp="2022-08-07T08:37:01 IST" skipped="0">
  <testcase classname="verification.Test0" name="tc1" time="4.117"/>
  <system-out/>
</testsuite> <!-- verification.Test0 -->
