<?xml version="1.0" encoding="UTF-8"?>
<!-- Generated by org.testng.reporters.JUnitReportReporter -->
<testsuite hostname="QSP" failures="0" tests="1" name="verification.Test2" time="5.996" errors="0" timestamp="2022-08-07T09:01:50 IST" skipped="0">
  <testcase classname="verification.Test2" name="tc2" time="5.996"/>
  <system-out/>
</testsuite> <!-- verification.Test2 -->
