<?xml version="1.0" encoding="UTF-8"?>
<!-- Generated by org.testng.reporters.JUnitReportReporter -->
<testsuite hostname="QSP" failures="0" tests="1" name="seralizationandseseralization.Deseralization" time="0.366" errors="0" timestamp="2022-08-07T10:09:43 IST" skipped="0">
  <testcase classname="seralizationandseseralization.Deseralization" name="tc2" time="0.366"/>
  <system-out/>
</testsuite> <!-- seralizationandseseralization.Deseralization -->
