<?xml version="1.0" encoding="UTF-8"?>
<!-- Generated by org.testng.reporters.JUnitReportReporter -->
<testsuite hostname="QSP" failures="0" tests="1" name="scripts.PostOperation" time="5.245" errors="0" timestamp="2022-08-06T07:50:30 IST" skipped="0">
  <testcase classname="scripts.PostOperation" name="tc2" time="5.245"/>
  <system-out/>
</testsuite> <!-- scripts.PostOperation -->
