<?xml version="1.0" encoding="UTF-8"?>
<!-- Generated by org.testng.reporters.JUnitReportReporter -->
<testsuite hostname="QSP" failures="0" tests="1" name="parameters.Test0" time="4.658" errors="0" timestamp="2022-08-06T09:43:35 IST" skipped="0">
  <testcase classname="parameters.Test0" name="tc3" time="4.658"/>
  <system-out/>
</testsuite> <!-- parameters.Test0 -->
