<?xml version="1.0" encoding="UTF-8"?>
<!-- Generated by org.testng.reporters.JUnitReportReporter -->
<testsuite hostname="QSP" failures="0" tests="1" name="seralizationandseseralization.PostOperation" time="4.784" errors="0" timestamp="2022-08-07T10:25:32 IST" skipped="0">
  <testcase classname="seralizationandseseralization.PostOperation" name="tc1" time="4.784"/>
  <system-out/>
</testsuite> <!-- seralizationandseseralization.PostOperation -->
