<?xml version="1.0" encoding="UTF-8"?>
<!-- Generated by org.testng.reporters.JUnitReportReporter -->
<testsuite hostname="QSP" failures="0" tests="1" name="CURDGithub.GetOperation" time="4.658" errors="0" timestamp="2022-08-06T08:25:38 IST" skipped="0">
  <testcase classname="CURDGithub.GetOperation" name="tc1" time="4.658"/>
  <system-out/>
</testsuite> <!-- CURDGithub.GetOperation -->
