<?xml version="1.0" encoding="UTF-8"?>
<!-- Generated by org.testng.reporters.JUnitReportReporter -->
<testsuite hostname="QSP" failures="0" tests="1" name="scripts.getOperation" time="5.671" errors="0" timestamp="2022-07-31T09:19:33 IST" skipped="0">
  <testcase classname="scripts.getOperation" name="tc1" time="5.671"/>
  <system-out/>
</testsuite> <!-- scripts.getOperation -->
