<?xml version="1.0" encoding="UTF-8"?>
<!-- Generated by org.testng.reporters.JUnitReportReporter -->
<testsuite hostname="QSP" failures="0" tests="1" name="CURDGithub.PostOperation" time="6.522" errors="0" timestamp="2022-08-06T08:31:58 IST" skipped="0">
  <testcase classname="CURDGithub.PostOperation" name="tc3" time="6.522"/>
  <system-out/>
</testsuite> <!-- CURDGithub.PostOperation -->
