<?xml version="1.0" encoding="UTF-8"?>
<!-- Generated by org.testng.reporters.JUnitReportReporter -->
<testsuite hostname="QSP" failures="0" tests="1" name="parameters.Test1" time="5.060" errors="0" timestamp="2022-08-06T09:59:10 IST" skipped="0">
  <testcase classname="parameters.Test1" name="tc3" time="5.060"/>
  <system-out/>
</testsuite> <!-- parameters.Test1 -->
