<?xml version="1.0" encoding="UTF-8"?>
<!-- Generated by org.testng.reporters.JUnitReportReporter -->
<testsuite hostname="QSP" failures="0" tests="1" name="scripts.PatchOperation" time="4.776" errors="0" timestamp="2022-08-06T08:04:22 IST" skipped="0">
  <testcase classname="scripts.PatchOperation" name="tc3" time="4.776"/>
  <system-out/>
</testsuite> <!-- scripts.PatchOperation -->
