<?xml version="1.0" encoding="UTF-8"?>
<!-- Generated by org.testng.reporters.JUnitReportReporter -->
<testsuite hostname="QSP" failures="0" tests="1" name="CURDGithub.PatchOperation" time="6.455" errors="0" timestamp="2022-08-06T08:55:26 IST" skipped="0">
  <testcase classname="CURDGithub.PatchOperation" name="tc3" time="6.455"/>
  <system-out/>
</testsuite> <!-- CURDGithub.PatchOperation -->
